<?xml version="1.0" encoding="UTF-8"?>
<testng-results skipped="0" failed="0" total="1" passed="1">
  <reporter-output>
  </reporter-output>
  <suite name="Default suite" duration-ms="41555" started-at="2020-04-20T15:26:13Z" finished-at="2020-04-20T15:26:54Z">
    <groups>
    </groups>
    <test name="Default test" duration-ms="41555" started-at="2020-04-20T15:26:13Z" finished-at="2020-04-20T15:26:54Z">
      <class name="com.hdfc_project.script.VerifyInvalidLoginE">
        <test-method status="PASS" signature="preCondition()[pri:0, instance:com.hdfc_project.script.VerifyInvalidLoginE@5ca609]" name="preCondition" is-config="true" duration-ms="11396" started-at="2020-04-20T20:56:13Z" finished-at="2020-04-20T20:56:24Z">
          <reporter-output>
          </reporter-output>
        </test-method> <!-- preCondition -->
        <test-method status="PASS" signature="verifyInvalidLogin()[pri:0, instance:com.hdfc_project.script.VerifyInvalidLoginE@5ca609]" name="verifyInvalidLogin" duration-ms="27911" started-at="2020-04-20T20:56:24Z" finished-at="2020-04-20T20:56:52Z">
          <reporter-output>
          </reporter-output>
        </test-method> <!-- verifyInvalidLogin -->
        <test-method status="PASS" signature="postCondition()[pri:0, instance:com.hdfc_project.script.VerifyInvalidLoginE@5ca609]" name="postCondition" is-config="true" duration-ms="2178" started-at="2020-04-20T20:56:52Z" finished-at="2020-04-20T20:56:54Z">
          <reporter-output>
          </reporter-output>
        </test-method> <!-- postCondition -->
      </class> <!-- com.hdfc_project.script.VerifyInvalidLoginE -->
    </test> <!-- Default test -->
  </suite> <!-- Default suite -->
</testng-results>
